-1.829503875384411726e-01 -2.914588235353742229e-01
9.306606670433725803e-01 7.372193771777106885e-01
1.042021772501553922e+00 1.637312802801659917e+00
6.522579033979191143e-01 3.514650519103038606e-01
1.097702325230644593e+00 7.372193771777106885e-01
3.977182337792153216e-02 -1.628740484462384841e-01
1.264743983417916384e+00 1.380143252623388550e+00
4.852162452106471568e-01 4.800498269994395439e-01
-1.590872935116920475e-02 -1.628740484462384841e-01
5.965773506688286654e-01 7.372193771777106885e-01
7.079384561270095633e-01 3.514650519103038606e-01
3.738551397524657038e-01 6.086346020885750052e-01
6.522579033979191143e-01 8.658041522668461498e-01
4.852162452106471568e-01 2.228802768211681218e-01
7.636190088561005673e-01 9.943889273559819442e-01
3.738551397524657038e-01 4.800498269994395439e-01
-1.240880889391164033e+00 -1.320137024248459134e+00
7.079384561270095633e-01 8.658041522668461498e-01
2.068134815651937464e-01 9.429550173203267438e-02
-1.272698348093504184e-01 9.429550173203267438e-02
9.545237610701226560e-02 9.429550173203267438e-02
4.295356924815562083e-01 2.228802768211681218e-01
1.209063430688825935e+00 7.372193771777106885e-01
-1.296561442120254926e+00 -1.320137024248459134e+00
-1.519283653036617610e+00 -1.448721799337594485e+00
8.192995615851911273e-01 8.658041522668461498e-01
2.068134815651937464e-01 -3.428927335710305058e-02
-1.185200336662073362e+00 -1.320137024248459134e+00
-1.296561442120254926e+00 -1.062967474070187768e+00
5.965773506688286654e-01 3.514650519103038606e-01
-1.296561442120254926e+00 -1.320137024248459134e+00
7.079384561270095633e-01 7.372193771777106885e-01
-4.613531511838945831e-01 -1.628740484462384841e-01
-1.352241994849345597e+00 -1.191552249159323340e+00
3.738551397524657038e-01 3.514650519103038606e-01
1.264743983417916384e+00 1.637312802801659917e+00
2.068134815651937464e-01 9.429550173203267438e-02
-1.352241994849345597e+00 -1.448721799337594485e+00
1.153382877959735486e+00 1.122973702445117627e+00
1.042021772501553922e+00 1.380143252623388550e+00
1.097702325230644593e+00 1.251558477534253422e+00
9.863412197724630293e-01 1.122973702445117627e+00
-1.240880889391164033e+00 -1.320137024248459134e+00
-1.240880889391164033e+00 -1.320137024248459134e+00
7.079384561270095633e-01 9.943889273559819442e-01
1.042021772501553922e+00 1.122973702445117627e+00
-1.407922547578436268e+00 -1.191552249159323340e+00
8.749801143142820203e-01 1.380143252623388550e+00
-1.352241994849345597e+00 -1.320137024248459134e+00
6.522579033979191143e-01 9.943889273559819442e-01
8.749801143142820203e-01 1.122973702445117627e+00
-1.407922547578436268e+00 -1.320137024248459134e+00
-1.352241994849345597e+00 -1.320137024248459134e+00
1.097702325230644593e+00 4.800498269994395439e-01
-1.352241994849345597e+00 -1.191552249159323340e+00
-1.407922547578436268e+00 -1.320137024248459134e+00
-1.185200336662073362e+00 -1.062967474070187768e+00
9.545237610701226560e-02 9.429550173203267438e-02
1.153382877959735486e+00 1.380143252623388550e+00
1.543146747063369961e+00 1.122973702445117627e+00
-1.352241994849345597e+00 -1.320137024248459134e+00
-1.296561442120254926e+00 -1.448721799337594485e+00
-1.352241994849345597e+00 -1.320137024248459134e+00
3.738551397524657038e-01 9.429550173203267438e-02
3.181745870233751994e-01 2.228802768211681218e-01
-1.463603100307526939e+00 -1.320137024248459134e+00
-1.185200336662073362e+00 -9.343826989810523065e-01
2.624940342942842508e-01 9.429550173203267438e-02
-1.296561442120254926e+00 -1.062967474070187768e+00
1.710188405250642418e+00 1.380143252623388550e+00
-2.943114929966226256e-01 -2.914588235353742229e-01
1.431785641605188841e+00 9.943889273559819442e-01
3.181745870233751994e-01 2.228802768211681218e-01
-1.296561442120254926e+00 -1.448721799337594485e+00
5.408967979397376613e-01 7.372193771777106885e-01
-1.463603100307526939e+00 -1.320137024248459134e+00
1.598827299792460854e+00 9.943889273559819442e-01
-1.296561442120254926e+00 -1.191552249159323340e+00
-1.240880889391164033e+00 -1.320137024248459134e+00
1.264743983417916384e+00 8.658041522668461498e-01
-1.352241994849345597e+00 -1.320137024248459134e+00
9.863412197724630293e-01 1.508728027712524122e+00
1.511329288361027423e-01 9.429550173203267438e-02
3.977182337792153216e-02 -3.428927335710305058e-02
-1.829503875384411726e-01 -2.914588235353742229e-01
8.192995615851911273e-01 1.380143252623388550e+00
7.636190088561005673e-01 1.380143252623388550e+00
5.965773506688286654e-01 3.514650519103038606e-01
6.522579033979191143e-01 6.086346020885750052e-01
-1.240880889391164033e+00 -1.320137024248459134e+00
-7.158928208025969187e-02 -2.914588235353742229e-01
9.863412197724630293e-01 1.508728027712524122e+00
7.079384561270095633e-01 8.658041522668461498e-01
-1.296561442120254926e+00 -1.320137024248459134e+00
4.295356924815562083e-01 9.429550173203267438e-02
1.511329288361027423e-01 9.429550173203267438e-02
5.408967979397376613e-01 7.372193771777106885e-01
3.181745870233751994e-01 9.429550173203267438e-02
-1.407922547578436268e+00 -1.320137024248459134e+00
-1.296561442120254926e+00 -1.062967474070187768e+00
-1.296561442120254926e+00 -1.448721799337594485e+00
9.863412197724630293e-01 7.372193771777106885e-01
1.511329288361027423e-01 -2.914588235353742229e-01
1.598827299792460854e+00 1.251558477534253422e+00
-1.352241994849345597e+00 -1.320137024248459134e+00
